@ level 0 Graph, Add layer: layer1, type: scatter_max_point_set_pooling
Feature Dim:300
@ level 1 Graph, Add layer: layer2, type: scatter_max_graph_auto_center_net
Feature Dim:300
@ level 1 Graph, Add layer: layer3, type: scatter_max_graph_auto_center_net
Feature Dim:300
@ level 1 Graph, Add layer: layer4, type: scatter_max_graph_auto_center_net
Feature Dim:300
Final Feature Dim:300
Prediction 4 classes
(?, 1, 7)
Set to unify copies in different GPU as if its a single copy
/home/zllee/.local/lib/python3.6/site-packages/tensorflow_core/python/framework/indexed_slices.py:424: UserWarning: Converting sparse IndexedSlices to a dense Tensor of unknown shape. This may consume a large amount of memory.
  "Converting sparse IndexedSlices to a dense Tensor of unknown shape. "
/home/zllee/.local/lib/python3.6/site-packages/tensorflow_core/python/framework/indexed_slices.py:424: UserWarning: Converting sparse IndexedSlices to a dense Tensor of unknown shape. This may consume a large amount of memory.
  "Converting sparse IndexedSlices to a dense Tensor of unknown shape. "
/home/zllee/.local/lib/python3.6/site-packages/tensorflow_core/python/framework/indexed_slices.py:424: UserWarning: Converting sparse IndexedSlices to a dense Tensor of unknown shape. This may consume a large amount of memory.
  "Converting sparse IndexedSlices to a dense Tensor of unknown shape. "
batch size=2
2023-04-25 20:34:39.832832: I tensorflow/core/platform/cpu_feature_guard.cc:142] Your CPU supports instructions that this TensorFlow binary was not compiled to use: AVX2 AVX512F FMA
2023-04-25 20:34:39.876473: I tensorflow/core/platform/profile_utils/cpu_utils.cc:94] CPU Frequency: 2100000000 Hz
2023-04-25 20:34:39.878125: I tensorflow/compiler/xla/service/service.cc:168] XLA service 0x5559646c7e30 initialized for platform Host (this does not guarantee that XLA will be used). Devices:
2023-04-25 20:34:39.878159: I tensorflow/compiler/xla/service/service.cc:176]   StreamExecutor device (0): Host, Default Version
2023-04-25 20:34:39.882899: I tensorflow/stream_executor/platform/default/dso_loader.cc:44] Successfully opened dynamic library libcuda.so.1
2023-04-25 20:34:41.170743: I tensorflow/compiler/xla/service/service.cc:168] XLA service 0x5559639f4ac0 initialized for platform CUDA (this does not guarantee that XLA will be used). Devices:
2023-04-25 20:34:41.170853: I tensorflow/compiler/xla/service/service.cc:176]   StreamExecutor device (0): Tesla V100-PCIE-32GB, Compute Capability 7.0
2023-04-25 20:34:41.173750: I tensorflow/core/common_runtime/gpu/gpu_device.cc:1618] Found device 0 with properties: 
name: Tesla V100-PCIE-32GB major: 7 minor: 0 memoryClockRate(GHz): 1.38
pciBusID: 0000:3b:00.0
2023-04-25 20:34:41.174277: I tensorflow/stream_executor/platform/default/dso_loader.cc:44] Successfully opened dynamic library libcudart.so.10.0
2023-04-25 20:34:41.177322: I tensorflow/stream_executor/platform/default/dso_loader.cc:44] Successfully opened dynamic library libcublas.so.10.0
2023-04-25 20:34:41.179518: I tensorflow/stream_executor/platform/default/dso_loader.cc:44] Successfully opened dynamic library libcufft.so.10.0
2023-04-25 20:34:41.180136: I tensorflow/stream_executor/platform/default/dso_loader.cc:44] Successfully opened dynamic library libcurand.so.10.0
2023-04-25 20:34:41.183600: I tensorflow/stream_executor/platform/default/dso_loader.cc:44] Successfully opened dynamic library libcusolver.so.10.0
2023-04-25 20:34:41.186017: I tensorflow/stream_executor/platform/default/dso_loader.cc:44] Successfully opened dynamic library libcusparse.so.10.0
2023-04-25 20:34:41.193562: I tensorflow/stream_executor/platform/default/dso_loader.cc:44] Successfully opened dynamic library libcudnn.so.7
2023-04-25 20:34:41.198334: I tensorflow/core/common_runtime/gpu/gpu_device.cc:1746] Adding visible gpu devices: 0
2023-04-25 20:34:41.198467: I tensorflow/stream_executor/platform/default/dso_loader.cc:44] Successfully opened dynamic library libcudart.so.10.0
2023-04-25 20:34:41.201903: I tensorflow/core/common_runtime/gpu/gpu_device.cc:1159] Device interconnect StreamExecutor with strength 1 edge matrix:
2023-04-25 20:34:41.201963: I tensorflow/core/common_runtime/gpu/gpu_device.cc:1165]      0 
2023-04-25 20:34:41.201996: I tensorflow/core/common_runtime/gpu/gpu_device.cc:1178] 0:   N 
2023-04-25 20:34:41.206716: I tensorflow/core/common_runtime/gpu/gpu_device.cc:1304] Created TensorFlow device (/job:localhost/replica:0/task:0/device:GPU:0 with 30591 MB memory) -> physical GPU (device: 0, name: Tesla V100-PCIE-32GB, pci bus id: 0000:3b:00.0, compute capability: 7.0)
2023-04-25 20:37:46.496567: I tensorflow/stream_executor/platform/default/dso_loader.cc:44] Successfully opened dynamic library libcublas.so.10.0
STEP: 1630, epoch_idx: 0, lr: 0.050000, time cost: 1082.258624
cls:0.023332, loc:0.369170, reg:0.039209, loss: 0.431710
Class_0: recall=0.999249, prec=0.949873, mAP=0.983228, loc=0.000000
         x=0.0000 y=0.0000 z=0.0000 l=0.0000 h=0.0000 w=0.0000 y=0.0000
Class_1: recall=0.000086, prec=0.027322, mAP=0.025787, loc=109.290932
         x=14.6185 y=4.3124 z=20.9606 l=2.3362 h=1.7563 w=0.8250 y=64.4820
Class_2: recall=0.000088, prec=0.761905, mAP=0.137514, loc=272.586456
         x=14.8410 y=10.5040 z=100.9574 l=7.2490 h=5.4398 w=2.6552 y=130.9399
Class_3: recall=0.000888, prec=0.016945, mAP=0.025225, loc=0.000000
         x=0.0000 y=0.0000 z=0.0000 l=0.0000 h=0.0000 w=0.0000 y=0.0000
STEP: 3260, epoch_idx: 1, lr: 0.050000, time cost: 583.685211
cls:0.016198, loc:0.246190, reg:0.039219, loss: 0.301607
Class_0: recall=0.998839, prec=0.955186, mAP=0.995240, loc=0.000000
         x=0.0000 y=0.0000 z=0.0000 l=0.0000 h=0.0000 w=0.0000 y=0.0000
Class_1: recall=0.000000, prec=0.000000, mAP=0.096442, loc=81.383125
         x=9.7859 y=2.3150 z=13.1158 l=2.1790 h=1.6569 w=0.9312 y=51.3993
Class_2: recall=0.167759, prec=0.693948, mAP=0.489395, loc=173.013885
         x=9.1892 y=4.7919 z=44.0890 l=7.0885 h=4.9769 w=2.4326 y=100.4458
Class_3: recall=0.000000, prec=0.000000, mAP=0.065763, loc=0.000000
         x=0.0000 y=0.0000 z=0.0000 l=0.0000 h=0.0000 w=0.0000 y=0.0000
STEP: 4890, epoch_idx: 2, lr: 0.050000, time cost: 588.172028
cls:0.014940, loc:0.171848, reg:0.039233, loss: 0.226021
Class_0: recall=0.995897, prec=0.963546, mAP=0.996116, loc=0.000000
         x=0.0000 y=0.0000 z=0.0000 l=0.0000 h=0.0000 w=0.0000 y=0.0000
Class_1: recall=0.000000, prec=0.000000, mAP=0.109094, loc=58.330910
         x=6.7261 y=2.1065 z=10.7654 l=2.3100 h=1.6375 w=0.8297 y=33.9557
Class_2: recall=0.412398, prec=0.624540, mAP=0.524484, loc=117.783371
         x=6.6198 y=4.4866 z=37.9595 l=6.9690 h=4.9199 w=2.4018 y=54.4268
Class_3: recall=0.000000, prec=0.000000, mAP=0.072731, loc=0.000000
         x=0.0000 y=0.0000 z=0.0000 l=0.0000 h=0.0000 w=0.0000 y=0.0000
STEP: 6520, epoch_idx: 3, lr: 0.050000, time cost: 585.467704
cls:0.014135, loc:0.134401, reg:0.039231, loss: 0.187767
Class_0: recall=0.994818, prec=0.967062, mAP=0.996542, loc=0.000000
         x=0.0000 y=0.0000 z=0.0000 l=0.0000 h=0.0000 w=0.0000 y=0.0000
Class_1: recall=0.000000, prec=0.000000, mAP=0.135606, loc=45.002502
         x=4.8603 y=1.8817 z=8.9206 l=2.2338 h=1.5060 w=0.8621 y=24.7380
Class_2: recall=0.521098, prec=0.628016, mAP=0.575786, loc=92.170677
         x=5.0620 y=4.1501 z=31.8148 l=6.9556 h=4.7421 w=2.2932 y=37.1528
Class_3: recall=0.000011, prec=0.166667, mAP=0.087411, loc=0.000000
         x=0.0000 y=0.0000 z=0.0000 l=0.0000 h=0.0000 w=0.0000 y=0.0000
STEP: 8150, epoch_idx: 4, lr: 0.050000, time cost: 611.780749
cls:0.013499, loc:0.121265, reg:0.039221, loss: 0.173985
Class_0: recall=0.993784, prec=0.969678, mAP=0.996796, loc=0.000000
         x=0.0000 y=0.0000 z=0.0000 l=0.0000 h=0.0000 w=0.0000 y=0.0000
Class_1: recall=0.000000, prec=0.000000, mAP=0.188893, loc=40.982754
         x=4.2709 y=1.9161 z=8.5366 l=2.1754 h=1.5028 w=0.7886 y=21.7923
Class_2: recall=0.595644, prec=0.623229, mAP=0.619221, loc=82.378395
         x=4.3362 y=3.7096 z=27.9114 l=6.7267 h=4.5765 w=2.2057 y=32.9124
Class_3: recall=0.000159, prec=0.451613, mAP=0.116962, loc=0.000000
         x=0.0000 y=0.0000 z=0.0000 l=0.0000 h=0.0000 w=0.0000 y=0.0000
STEP: 9780, epoch_idx: 5, lr: 0.050000, time cost: 602.069240
cls:0.012950, loc:0.107937, reg:0.039210, loss: 0.160097
Class_0: recall=0.993992, prec=0.970632, mAP=0.997110, loc=0.000000
         x=0.0000 y=0.0000 z=0.0000 l=0.0000 h=0.0000 w=0.0000 y=0.0000
Class_1: recall=0.001029, prec=0.688889, mAP=0.304071, loc=36.805634
         x=3.7442 y=1.6328 z=7.9197 l=2.2199 h=1.6217 w=0.8420 y=18.8253
Class_2: recall=0.620987, prec=0.625021, mAP=0.643423, loc=73.535912
         x=3.7943 y=3.6765 z=25.1013 l=6.4420 h=4.4025 w=2.0966 y=28.0227
Class_3: recall=0.000683, prec=0.535714, mAP=0.131652, loc=0.000000
         x=0.0000 y=0.0000 z=0.0000 l=0.0000 h=0.0000 w=0.0000 y=0.0000
STEP: 11410, epoch_idx: 6, lr: 0.050000, time cost: 586.190681
cls:0.012576, loc:0.104309, reg:0.039197, loss: 0.156082
Class_0: recall=0.994104, prec=0.970981, mAP=0.997112, loc=0.000000
         x=0.0000 y=0.0000 z=0.0000 l=0.0000 h=0.0000 w=0.0000 y=0.0000
Class_1: recall=0.012555, prec=0.855353, mAP=0.388699, loc=34.504162
         x=3.4961 y=1.6401 z=7.5088 l=2.1766 h=1.4486 w=0.8222 y=17.4117
Class_2: recall=0.627382, prec=0.629878, mAP=0.658418, loc=70.555336
         x=3.5027 y=3.3868 z=24.6305 l=6.3027 h=4.3301 w=2.0556 y=26.3469
Class_3: recall=0.002019, prec=0.576052, mAP=0.146896, loc=0.000000
         x=0.0000 y=0.0000 z=0.0000 l=0.0000 h=0.0000 w=0.0000 y=0.0000
STEP: 13040, epoch_idx: 7, lr: 0.050000, time cost: 598.759069
cls:0.012093, loc:0.097827, reg:0.039183, loss: 0.149103
Class_0: recall=0.993629, prec=0.972549, mAP=0.997289, loc=0.000000
         x=0.0000 y=0.0000 z=0.0000 l=0.0000 h=0.0000 w=0.0000 y=0.0000
Class_1: recall=0.048633, prec=0.848682, mAP=0.451799, loc=31.934059
         x=3.3090 y=1.5823 z=7.0197 l=2.0835 h=1.4516 w=0.7883 y=15.6997
Class_2: recall=0.659399, prec=0.629338, mAP=0.674456, loc=65.475410
         x=3.2852 y=3.1567 z=23.8588 l=6.1479 h=4.2273 w=2.0705 y=22.7290
Class_3: recall=0.005431, prec=0.621587, mAP=0.168695, loc=0.000000
         x=0.0000 y=0.0000 z=0.0000 l=0.0000 h=0.0000 w=0.0000 y=0.0000
STEP: 14670, epoch_idx: 8, lr: 0.050000, time cost: 594.610057
cls:0.011887, loc:0.091637, reg:0.039169, loss: 0.142693
Class_0: recall=0.993636, prec=0.972749, mAP=0.997258, loc=0.000000
         x=0.0000 y=0.0000 z=0.0000 l=0.0000 h=0.0000 w=0.0000 y=0.0000
Class_1: recall=0.136354, prec=0.793953, mAP=0.486339, loc=31.201555
         x=3.1469 y=1.6636 z=7.0897 l=2.1049 h=1.4723 w=0.7333 y=14.9907
Class_2: recall=0.655532, prec=0.641507, mAP=0.679505, loc=62.830475
         x=3.1289 y=3.0781 z=23.1929 l=5.9678 h=4.1589 w=2.0730 y=21.2311
Class_3: recall=0.006194, prec=0.622706, mAP=0.182808, loc=0.000000
         x=0.0000 y=0.0000 z=0.0000 l=0.0000 h=0.0000 w=0.0000 y=0.0000
STEP: 16300, epoch_idx: 9, lr: 0.050000, time cost: 584.514071
cls:0.011433, loc:0.088587, reg:0.039154, loss: 0.139174
Class_0: recall=0.993621, prec=0.973758, mAP=0.997442, loc=0.000000
         x=0.0000 y=0.0000 z=0.0000 l=0.0000 h=0.0000 w=0.0000 y=0.0000
Class_1: recall=0.252777, prec=0.775084, mAP=0.547461, loc=29.448395
         x=2.9017 y=1.5149 z=6.9660 l=2.0183 h=1.4478 w=0.7866 y=13.8132
Class_2: recall=0.662445, prec=0.662638, mAP=0.698843, loc=59.723877
         x=3.0623 y=3.0453 z=21.7494 l=5.7686 h=4.0884 w=1.9892 y=20.0206
Class_3: recall=0.013990, prec=0.673806, mAP=0.208433, loc=0.000000
         x=0.0000 y=0.0000 z=0.0000 l=0.0000 h=0.0000 w=0.0000 y=0.0000
STEP: 17930, epoch_idx: 10, lr: 0.050000, time cost: 599.717966
cls:0.011008, loc:0.079549, reg:0.039136, loss: 0.129693
Class_0: recall=0.993271, prec=0.974820, mAP=0.997554, loc=0.000000
         x=0.0000 y=0.0000 z=0.0000 l=0.0000 h=0.0000 w=0.0000 y=0.0000
Class_1: recall=0.318443, prec=0.770327, mAP=0.583332, loc=25.860424
         x=2.5628 y=1.3307 z=6.1089 l=2.0803 h=1.3985 w=0.7635 y=11.6156
Class_2: recall=0.680323, prec=0.673008, mAP=0.716500, loc=54.486958
         x=2.8183 y=2.9973 z=20.8635 l=5.5082 h=3.9516 w=1.9618 y=16.3862
Class_3: recall=0.025337, prec=0.686493, mAP=0.226584, loc=0.000000
         x=0.0000 y=0.0000 z=0.0000 l=0.0000 h=0.0000 w=0.0000 y=0.0000
STEP: 19560, epoch_idx: 11, lr: 0.050000, time cost: 581.811455
cls:0.011010, loc:0.086118, reg:0.039122, loss: 0.136249
Class_0: recall=0.993341, prec=0.974583, mAP=0.997592, loc=0.000000
         x=0.0000 y=0.0000 z=0.0000 l=0.0000 h=0.0000 w=0.0000 y=0.0000
Class_1: recall=0.353005, prec=0.738674, mAP=0.574329, loc=28.780743
         x=2.7915 y=1.5408 z=7.0240 l=2.1410 h=1.4356 w=0.7875 y=13.0603
Class_2: recall=0.663769, prec=0.673629, mAP=0.707296, loc=59.367966
         x=2.8937 y=2.9741 z=22.1382 l=5.3150 h=3.9471 w=1.9110 y=20.1889
Class_3: recall=0.028577, prec=0.692796, mAP=0.233439, loc=0.000000
         x=0.0000 y=0.0000 z=0.0000 l=0.0000 h=0.0000 w=0.0000 y=0.0000
STEP: 21190, epoch_idx: 12, lr: 0.050000, time cost: 603.832039
cls:0.010680, loc:0.075877, reg:0.039105, loss: 0.125662
Class_0: recall=0.992890, prec=0.975890, mAP=0.997751, loc=0.000000
         x=0.0000 y=0.0000 z=0.0000 l=0.0000 h=0.0000 w=0.0000 y=0.0000
Class_1: recall=0.435318, prec=0.721564, mAP=0.603335, loc=25.979187
         x=2.4734 y=1.3411 z=6.2655 l=2.1670 h=1.4079 w=0.7750 y=11.5493
Class_2: recall=0.683906, prec=0.687883, mAP=0.720321, loc=50.453327
         x=2.6458 y=2.7068 z=18.3982 l=5.0682 h=3.7944 w=1.8922 y=15.9478
Class_3: recall=0.043188, prec=0.695262, mAP=0.253023, loc=0.000000
         x=0.0000 y=0.0000 z=0.0000 l=0.0000 h=0.0000 w=0.0000 y=0.0000
STEP: 22820, epoch_idx: 13, lr: 0.050000, time cost: 582.318389
cls:0.010476, loc:0.074150, reg:0.039087, loss: 0.123713
Class_0: recall=0.992896, prec=0.976074, mAP=0.997790, loc=0.000000
         x=0.0000 y=0.0000 z=0.0000 l=0.0000 h=0.0000 w=0.0000 y=0.0000
Class_1: recall=0.464782, prec=0.707992, mAP=0.603913, loc=23.657303
         x=2.4146 y=1.3146 z=5.4058 l=2.0143 h=1.3756 w=0.7394 y=10.3930
Class_2: recall=0.675628, prec=0.697327, mAP=0.726395, loc=50.988106
         x=2.6582 y=2.6702 z=19.5073 l=5.0511 h=3.6969 w=1.8994 y=15.5052
Class_3: recall=0.056335, prec=0.688360, mAP=0.271362, loc=0.000000
         x=0.0000 y=0.0000 z=0.0000 l=0.0000 h=0.0000 w=0.0000 y=0.0000
STEP: 24450, epoch_idx: 14, lr: 0.050000, time cost: 591.057675
cls:0.010267, loc:0.074516, reg:0.039071, loss: 0.123854
Class_0: recall=0.992557, prec=0.976870, mAP=0.997855, loc=0.000000
         x=0.0000 y=0.0000 z=0.0000 l=0.0000 h=0.0000 w=0.0000 y=0.0000
Class_1: recall=0.481584, prec=0.689229, mAP=0.598900, loc=24.262655
         x=2.3979 y=1.3849 z=5.6064 l=1.9292 h=1.2920 w=0.7341 y=10.9182
Class_2: recall=0.686039, prec=0.701484, mAP=0.734119, loc=49.372238
         x=2.6327 y=2.8113 z=18.3063 l=5.0233 h=3.7605 w=1.8805 y=14.9577
Class_3: recall=0.076791, prec=0.686768, mAP=0.291331, loc=0.000000
         x=0.0000 y=0.0000 z=0.0000 l=0.0000 h=0.0000 w=0.0000 y=0.0000
STEP: 26080, epoch_idx: 15, lr: 0.050000, time cost: 598.330653
cls:0.010132, loc:0.071858, reg:0.039054, loss: 0.121044
Class_0: recall=0.992476, prec=0.977288, mAP=0.997857, loc=0.000000
         x=0.0000 y=0.0000 z=0.0000 l=0.0000 h=0.0000 w=0.0000 y=0.0000
Class_1: recall=0.503540, prec=0.702604, mAP=0.626740, loc=22.630239
         x=2.2899 y=1.2631 z=5.3542 l=1.9561 h=1.3226 w=0.7309 y=9.7134
Class_2: recall=0.691041, prec=0.702399, mAP=0.740302, loc=48.632988
         x=2.5301 y=2.6713 z=19.2611 l=4.8402 h=3.5740 w=1.8627 y=13.8935
Class_3: recall=0.087170, prec=0.671336, mAP=0.300494, loc=0.000000
         x=0.0000 y=0.0000 z=0.0000 l=0.0000 h=0.0000 w=0.0000 y=0.0000
STEP: 27710, epoch_idx: 16, lr: 0.050000, time cost: 601.084744
cls:0.009827, loc:0.066766, reg:0.039035, loss: 0.115628
Class_0: recall=0.992294, prec=0.977858, mAP=0.997961, loc=0.000000
         x=0.0000 y=0.0000 z=0.0000 l=0.0000 h=0.0000 w=0.0000 y=0.0000
Class_1: recall=0.537857, prec=0.701246, mAP=0.647741, loc=20.191732
         x=2.1423 y=1.1739 z=5.0322 l=2.0065 h=1.3701 w=0.7392 y=7.7276
Class_2: recall=0.689523, prec=0.704381, mAP=0.748154, loc=46.101540
         x=2.3746 y=2.5724 z=17.9632 l=4.6625 h=3.3539 w=1.7861 y=13.3889
Class_3: recall=0.111589, prec=0.690478, mAP=0.328528, loc=0.000000
         x=0.0000 y=0.0000 z=0.0000 l=0.0000 h=0.0000 w=0.0000 y=0.0000
STEP: 29340, epoch_idx: 17, lr: 0.050000, time cost: 583.128040
cls:0.009640, loc:0.066946, reg:0.039015, loss: 0.115601
Class_0: recall=0.992412, prec=0.978163, mAP=0.998041, loc=0.000000
         x=0.0000 y=0.0000 z=0.0000 l=0.0000 h=0.0000 w=0.0000 y=0.0000
Class_1: recall=0.535846, prec=0.699206, mAP=0.645399, loc=21.210815
         x=2.2042 y=1.2382 z=5.0491 l=1.9639 h=1.2483 w=0.6981 y=8.8090
Class_2: recall=0.698814, prec=0.712535, mAP=0.757637, loc=45.554871
         x=2.2904 y=2.6196 z=17.8565 l=4.7212 h=3.3171 w=1.8464 y=12.9037
Class_3: recall=0.119677, prec=0.704436, mAP=0.348781, loc=0.000000
         x=0.0000 y=0.0000 z=0.0000 l=0.0000 h=0.0000 w=0.0000 y=0.0000
STEP: 30970, epoch_idx: 18, lr: 0.050000, time cost: 601.294730
cls:0.009713, loc:0.071761, reg:0.038997, loss: 0.120472
Class_0: recall=0.992189, prec=0.978317, mAP=0.997933, loc=0.000000
         x=0.0000 y=0.0000 z=0.0000 l=0.0000 h=0.0000 w=0.0000 y=0.0000
Class_1: recall=0.533824, prec=0.696054, mAP=0.638847, loc=21.986261
         x=2.2517 y=1.1932 z=5.2666 l=1.9306 h=1.2690 w=0.7311 y=9.3440
Class_2: recall=0.697871, prec=0.712320, mAP=0.754574, loc=49.439301
         x=2.5187 y=2.5708 z=19.2539 l=4.8180 h=3.2982 w=1.7926 y=15.1870
Class_3: recall=0.140961, prec=0.716700, mAP=0.357932, loc=0.000000
         x=0.0000 y=0.0000 z=0.0000 l=0.0000 h=0.0000 w=0.0000 y=0.0000
STEP: 32600, epoch_idx: 19, lr: 0.050000, time cost: 597.603881
cls:0.009539, loc:0.066915, reg:0.038980, loss: 0.115434
Class_0: recall=0.992058, prec=0.978785, mAP=0.997951, loc=0.000000
         x=0.0000 y=0.0000 z=0.0000 l=0.0000 h=0.0000 w=0.0000 y=0.0000
Class_1: recall=0.542782, prec=0.679163, mAP=0.630871, loc=19.243658
         x=2.1895 y=1.1994 z=4.5723 l=1.8725 h=1.2825 w=0.7010 y=7.4263
Class_2: recall=0.701924, prec=0.718628, mAP=0.760436, loc=45.913078
         x=2.3811 y=2.6387 z=17.8553 l=4.6473 h=3.2320 w=1.7984 y=13.3602
Class_3: recall=0.155936, prec=0.699929, mAP=0.364970, loc=0.000000
         x=0.0000 y=0.0000 z=0.0000 l=0.0000 h=0.0000 w=0.0000 y=0.0000
save checkpoint at step 19 to ./checkpoints/car_auto_T3_fps_train/model
STEP: 34230, epoch_idx: 20, lr: 0.050000, time cost: 590.482855
cls:0.009260, loc:0.061091, reg:0.038959, loss: 0.109310
Class_0: recall=0.992081, prec=0.979069, mAP=0.998073, loc=0.000000
         x=0.0000 y=0.0000 z=0.0000 l=0.0000 h=0.0000 w=0.0000 y=0.0000
Class_1: recall=0.581563, prec=0.701520, mAP=0.671453, loc=19.645689
         x=2.0624 y=1.1899 z=5.0604 l=2.0470 h=1.2627 w=0.7314 y=7.2918
Class_2: recall=0.699047, prec=0.731861, mAP=0.771113, loc=42.139954
         x=2.1374 y=2.4428 z=17.1430 l=4.4475 h=3.0132 w=1.7590 y=11.1970
Class_3: recall=0.184788, prec=0.682753, mAP=0.382509, loc=0.000000
         x=0.0000 y=0.0000 z=0.0000 l=0.0000 h=0.0000 w=0.0000 y=0.0000
STEP: 35860, epoch_idx: 21, lr: 0.050000, time cost: 608.410811
cls:0.009358, loc:0.067060, reg:0.038940, loss: 0.115358
Class_0: recall=0.991836, prec=0.979174, mAP=0.997979, loc=0.000000
         x=0.0000 y=0.0000 z=0.0000 l=0.0000 h=0.0000 w=0.0000 y=0.0000
Class_1: recall=0.590706, prec=0.693407, mAP=0.664093, loc=20.579208
         x=2.1573 y=1.3071 z=5.1329 l=2.0221 h=1.2537 w=0.7139 y=7.9922
Class_2: recall=0.702889, prec=0.728426, mAP=0.769593, loc=44.479755
         x=2.3070 y=2.6899 z=17.8309 l=4.4909 h=3.1327 w=1.7794 y=12.2490
Class_3: recall=0.181572, prec=0.685429, mAP=0.382893, loc=0.000000
         x=0.0000 y=0.0000 z=0.0000 l=0.0000 h=0.0000 w=0.0000 y=0.0000
STEP: 37490, epoch_idx: 22, lr: 0.050000, time cost: 603.483093
cls:0.009060, loc:0.062147, reg:0.038920, loss: 0.110127
Class_0: recall=0.991820, prec=0.979883, mAP=0.998170, loc=0.000000
         x=0.0000 y=0.0000 z=0.0000 l=0.0000 h=0.0000 w=0.0000 y=0.0000
Class_1: recall=0.584082, prec=0.702402, mAP=0.674384, loc=19.170038
         x=1.9678 y=1.1869 z=4.4796 l=1.9695 h=1.1693 w=0.7091 y=7.6879
Class_2: recall=0.710800, prec=0.731692, mAP=0.778316, loc=41.709446
         x=2.1483 y=2.4235 z=16.8622 l=4.3190 h=2.9965 w=1.7487 y=11.2114
Class_3: recall=0.218023, prec=0.694484, mAP=0.413045, loc=0.000000
         x=0.0000 y=0.0000 z=0.0000 l=0.0000 h=0.0000 w=0.0000 y=0.0000
STEP: 39120, epoch_idx: 23, lr: 0.050000, time cost: 606.092618
cls:0.009034, loc:0.059498, reg:0.038900, loss: 0.107432
Class_0: recall=0.991660, prec=0.980076, mAP=0.998067, loc=0.000000
         x=0.0000 y=0.0000 z=0.0000 l=0.0000 h=0.0000 w=0.0000 y=0.0000
Class_1: recall=0.592339, prec=0.694345, mAP=0.675417, loc=17.667528
         x=2.0928 y=1.2307 z=4.3305 l=1.8983 h=1.1597 w=0.6917 y=6.2640
Class_2: recall=0.710343, prec=0.734877, mAP=0.777879, loc=41.012222
         x=2.1350 y=2.4657 z=16.5987 l=4.3133 h=2.9449 w=1.7789 y=10.7758
Class_3: recall=0.234535, prec=0.695160, mAP=0.418387, loc=0.000000
         x=0.0000 y=0.0000 z=0.0000 l=0.0000 h=0.0000 w=0.0000 y=0.0000
STEP: 40750, epoch_idx: 24, lr: 0.050000, time cost: 598.336642
cls:0.009460, loc:0.072434, reg:0.038884, loss: 0.120778
Class_0: recall=0.991838, prec=0.978885, mAP=0.997913, loc=0.000000
         x=0.0000 y=0.0000 z=0.0000 l=0.0000 h=0.0000 w=0.0000 y=0.0000
Class_1: recall=0.548600, prec=0.686410, mAP=0.636910, loc=22.947716
         x=2.4480 y=1.2201 z=5.0525 l=1.9934 h=1.1722 w=0.7078 y=10.3537
Class_2: recall=0.695633, prec=0.731246, mAP=0.768167, loc=46.003063
         x=2.4788 y=2.5863 z=18.8999 l=4.5417 h=3.0204 w=1.7539 y=12.7221
Class_3: recall=0.212726, prec=0.695878, mAP=0.395801, loc=0.000000
         x=0.0000 y=0.0000 z=0.0000 l=0.0000 h=0.0000 w=0.0000 y=0.0000
STEP: 42380, epoch_idx: 25, lr: 0.050000, time cost: 584.403600
cls:0.009008, loc:0.063254, reg:0.038869, loss: 0.111130
Class_0: recall=0.991692, prec=0.979974, mAP=0.998139, loc=0.000000
         x=0.0000 y=0.0000 z=0.0000 l=0.0000 h=0.0000 w=0.0000 y=0.0000
Class_1: recall=0.605393, prec=0.708649, mAP=0.684361, loc=19.160318
         x=1.8965 y=1.2386 z=4.3899 l=1.9462 h=1.1783 w=0.6604 y=7.8504
Class_2: recall=0.707190, prec=0.737414, mAP=0.777926, loc=42.206974
         x=2.2024 y=2.4257 z=16.6207 l=4.3447 h=2.9121 w=1.7884 y=11.9130
Class_3: recall=0.232607, prec=0.685816, mAP=0.415774, loc=0.000000
         x=0.0000 y=0.0000 z=0.0000 l=0.0000 h=0.0000 w=0.0000 y=0.0000
STEP: 44010, epoch_idx: 26, lr: 0.050000, time cost: 620.775388
cls:0.009030, loc:0.060980, reg:0.038849, loss: 0.108859
Class_0: recall=0.991611, prec=0.980009, mAP=0.998172, loc=0.000000
         x=0.0000 y=0.0000 z=0.0000 l=0.0000 h=0.0000 w=0.0000 y=0.0000
Class_1: recall=0.584058, prec=0.695499, mAP=0.669906, loc=19.117695
         x=2.0454 y=1.1389 z=4.8515 l=1.8433 h=1.1670 w=0.6746 y=7.3970
Class_2: recall=0.702878, prec=0.732621, mAP=0.776545, loc=40.803699
         x=2.1230 y=2.3766 z=16.3513 l=4.3101 h=2.8771 w=1.7678 y=10.9976
Class_3: recall=0.241159, prec=0.682165, mAP=0.418126, loc=0.000000
         x=0.0000 y=0.0000 z=0.0000 l=0.0000 h=0.0000 w=0.0000 y=0.0000
STEP: 45640, epoch_idx: 27, lr: 0.050000, time cost: 587.147683
cls:0.008703, loc:0.054764, reg:0.038827, loss: 0.102294
Class_0: recall=0.991525, prec=0.980948, mAP=0.998240, loc=0.000000
         x=0.0000 y=0.0000 z=0.0000 l=0.0000 h=0.0000 w=0.0000 y=0.0000
Class_1: recall=0.613090, prec=0.715150, mAP=0.689249, loc=16.924036
         x=1.8597 y=1.2183 z=4.4091 l=1.7978 h=1.1471 w=0.7022 y=5.7897
Class_2: recall=0.718003, prec=0.741033, mAP=0.789312, loc=37.827812
         x=2.0324 y=2.2518 z=15.4011 l=4.2409 h=2.7801 w=1.7232 y=9.3983
Class_3: recall=0.278460, prec=0.695200, mAP=0.456871, loc=0.000000
         x=0.0000 y=0.0000 z=0.0000 l=0.0000 h=0.0000 w=0.0000 y=0.0000
STEP: 47270, epoch_idx: 28, lr: 0.050000, time cost: 601.552225
cls:0.008639, loc:0.056431, reg:0.038804, loss: 0.103874
Class_0: recall=0.991304, prec=0.980976, mAP=0.998252, loc=0.000000
         x=0.0000 y=0.0000 z=0.0000 l=0.0000 h=0.0000 w=0.0000 y=0.0000
Class_1: recall=0.635153, prec=0.718823, mAP=0.707132, loc=16.827745
         x=1.8533 y=1.1954 z=4.2379 l=1.9187 h=1.1468 w=0.6797 y=5.7960
Class_2: recall=0.713394, prec=0.742893, mAP=0.788869, loc=38.717331
         x=1.9119 y=2.2666 z=16.0501 l=4.1009 h=2.7039 w=1.7336 y=9.9504
Class_3: recall=0.286693, prec=0.687021, mAP=0.454598, loc=0.000000
         x=0.0000 y=0.0000 z=0.0000 l=0.0000 h=0.0000 w=0.0000 y=0.0000
STEP: 48900, epoch_idx: 29, lr: 0.050000, time cost: 603.607487
cls:0.008540, loc:0.056211, reg:0.038785, loss: 0.103536
Class_0: recall=0.991372, prec=0.981163, mAP=0.998253, loc=0.000000
         x=0.0000 y=0.0000 z=0.0000 l=0.0000 h=0.0000 w=0.0000 y=0.0000
Class_1: recall=0.621536, prec=0.711079, mAP=0.700771, loc=16.638563
         x=1.7251 y=1.1294 z=4.2339 l=1.8872 h=1.1246 w=0.6779 y=5.8604
Class_2: recall=0.717434, prec=0.747717, mAP=0.793225, loc=38.482166
         x=1.9044 y=2.2772 z=16.2416 l=4.0714 h=2.7581 w=1.7455 y=9.4840
Class_3: recall=0.300588, prec=0.692007, mAP=0.470576, loc=0.000000
         x=0.0000 y=0.0000 z=0.0000 l=0.0000 h=0.0000 w=0.0000 y=0.0000
STEP: 50530, epoch_idx: 30, lr: 0.050000, time cost: 585.673478
cls:0.008279, loc:0.051507, reg:0.038762, loss: 0.098549
Class_0: recall=0.991223, prec=0.981928, mAP=0.998354, loc=0.000000
         x=0.0000 y=0.0000 z=0.0000 l=0.0000 h=0.0000 w=0.0000 y=0.0000
Class_1: recall=0.641065, prec=0.719669, mAP=0.709020, loc=15.246323
         x=1.6733 y=1.0770 z=3.6644 l=1.8024 h=1.0544 w=0.6811 y=5.2937
Class_2: recall=0.729260, prec=0.750282, mAP=0.800335, loc=35.176506
         x=1.8580 y=2.1629 z=14.4121 l=3.9986 h=2.6506 w=1.7067 y=8.3875
Class_3: recall=0.321630, prec=0.692246, mAP=0.483354, loc=0.000000
         x=0.0000 y=0.0000 z=0.0000 l=0.0000 h=0.0000 w=0.0000 y=0.0000
STEP: 52160, epoch_idx: 31, lr: 0.050000, time cost: 607.315774
cls:0.008345, loc:0.053585, reg:0.038741, loss: 0.100671
Class_0: recall=0.991164, prec=0.981853, mAP=0.998368, loc=0.000000
         x=0.0000 y=0.0000 z=0.0000 l=0.0000 h=0.0000 w=0.0000 y=0.0000
Class_1: recall=0.624491, prec=0.712575, mAP=0.699170, loc=14.650306
         x=1.6273 y=1.0994 z=3.8103 l=1.7322 h=1.0452 w=0.6739 y=4.6619
Class_2: recall=0.727327, prec=0.747370, mAP=0.798100, loc=39.288879
         x=1.9990 y=2.2407 z=16.0792 l=4.0972 h=2.6691 w=1.7158 y=10.4880
Class_3: recall=0.325135, prec=0.694196, mAP=0.487586, loc=0.000000
         x=0.0000 y=0.0000 z=0.0000 l=0.0000 h=0.0000 w=0.0000 y=0.0000
STEP: 53790, epoch_idx: 32, lr: 0.050000, time cost: 588.365523
cls:0.008367, loc:0.053343, reg:0.038721, loss: 0.100432
Class_0: recall=0.991136, prec=0.981765, mAP=0.998349, loc=0.000000
         x=0.0000 y=0.0000 z=0.0000 l=0.0000 h=0.0000 w=0.0000 y=0.0000
Class_1: recall=0.635793, prec=0.714954, mAP=0.704201, loc=15.923472
         x=1.7627 y=1.0900 z=4.0300 l=1.7962 h=1.0649 w=0.6665 y=5.5131
Class_2: recall=0.724297, prec=0.747158, mAP=0.793934, loc=36.717999
         x=1.9421 y=2.1654 z=14.7274 l=3.9593 h=2.5767 w=1.7080 y=9.6391
Class_3: recall=0.323348, prec=0.694753, mAP=0.489312, loc=0.000000
         x=0.0000 y=0.0000 z=0.0000 l=0.0000 h=0.0000 w=0.0000 y=0.0000
STEP: 55420, epoch_idx: 33, lr: 0.050000, time cost: 592.480360
cls:0.008293, loc:0.055639, reg:0.038701, loss: 0.102633
Class_0: recall=0.991259, prec=0.981993, mAP=0.998374, loc=0.000000
         x=0.0000 y=0.0000 z=0.0000 l=0.0000 h=0.0000 w=0.0000 y=0.0000
Class_1: recall=0.642255, prec=0.716982, mAP=0.707701, loc=17.732075
         x=1.7292 y=1.1114 z=4.5095 l=1.7997 h=1.0443 w=0.6515 y=6.8866
Class_2: recall=0.726217, prec=0.750195, mAP=0.799713, loc=37.461494
         x=1.9309 y=2.2306 z=15.6431 l=3.9800 h=2.5799 w=1.7178 y=9.3790
Class_3: recall=0.326447, prec=0.695784, mAP=0.494035, loc=0.000000
         x=0.0000 y=0.0000 z=0.0000 l=0.0000 h=0.0000 w=0.0000 y=0.0000
STEP: 57050, epoch_idx: 34, lr: 0.050000, time cost: 594.791231
cls:0.008168, loc:0.052899, reg:0.038678, loss: 0.099745
Class_0: recall=0.991257, prec=0.981991, mAP=0.998461, loc=0.000000
         x=0.0000 y=0.0000 z=0.0000 l=0.0000 h=0.0000 w=0.0000 y=0.0000
Class_1: recall=0.640140, prec=0.723825, mAP=0.713314, loc=14.525156
         x=1.6443 y=0.9556 z=3.7992 l=1.7139 h=0.9621 w=0.6266 y=4.8236
Class_2: recall=0.722950, prec=0.751813, mAP=0.800921, loc=37.228622
         x=1.8642 y=2.1587 z=15.6095 l=4.0418 h=2.6270 w=1.7363 y=9.1912
Class_3: recall=0.344469, prec=0.701763, mAP=0.508342, loc=0.000000
         x=0.0000 y=0.0000 z=0.0000 l=0.0000 h=0.0000 w=0.0000 y=0.0000
STEP: 58680, epoch_idx: 35, lr: 0.050000, time cost: 603.687245
cls:0.008168, loc:0.052277, reg:0.038655, loss: 0.099100
Class_0: recall=0.991092, prec=0.982178, mAP=0.998388, loc=0.000000
         x=0.0000 y=0.0000 z=0.0000 l=0.0000 h=0.0000 w=0.0000 y=0.0000
Class_1: recall=0.660908, prec=0.720482, mAP=0.726746, loc=15.331409
         x=1.6593 y=1.0673 z=4.0630 l=1.8299 h=1.0237 w=0.6484 y=5.0398
Class_2: recall=0.726011, prec=0.753297, mAP=0.800374, loc=36.295681
         x=1.8888 y=2.0419 z=14.9906 l=3.9481 h=2.5455 w=1.7246 y=9.1561
Class_3: recall=0.343579, prec=0.698725, mAP=0.506092, loc=0.000000
         x=0.0000 y=0.0000 z=0.0000 l=0.0000 h=0.0000 w=0.0000 y=0.0000
STEP: 60310, epoch_idx: 36, lr: 0.050000, time cost: 601.633609
cls:0.008035, loc:0.050804, reg:0.038633, loss: 0.097473
Class_0: recall=0.991193, prec=0.982182, mAP=0.998455, loc=0.000000
         x=0.0000 y=0.0000 z=0.0000 l=0.0000 h=0.0000 w=0.0000 y=0.0000
Class_1: recall=0.655144, prec=0.727952, mAP=0.719113, loc=14.069571
         x=1.5173 y=1.0282 z=3.6578 l=1.6885 h=0.9300 w=0.6490 y=4.5989
Class_2: recall=0.727775, prec=0.757557, mAP=0.808170, loc=35.609951
         x=1.7855 y=2.0769 z=15.2544 l=3.8783 h=2.4575 w=1.7018 y=8.4556
Class_3: recall=0.347368, prec=0.696900, mAP=0.514318, loc=0.000000
         x=0.0000 y=0.0000 z=0.0000 l=0.0000 h=0.0000 w=0.0000 y=0.0000
STEP: 61940, epoch_idx: 37, lr: 0.050000, time cost: 580.759803
cls:0.007968, loc:0.047513, reg:0.038611, loss: 0.094093
Class_0: recall=0.991147, prec=0.982557, mAP=0.998521, loc=0.000000
         x=0.0000 y=0.0000 z=0.0000 l=0.0000 h=0.0000 w=0.0000 y=0.0000
Class_1: recall=0.642299, prec=0.720920, mAP=0.719948, loc=13.647331
         x=1.5274 y=1.0015 z=3.6387 l=1.6620 h=1.0121 w=0.6188 y=4.1867
Class_2: recall=0.738467, prec=0.758908, mAP=0.809987, loc=33.062416
         x=1.7208 y=1.9773 z=13.3304 l=3.8473 h=2.3799 w=1.7410 y=8.0657
Class_3: recall=0.363232, prec=0.708183, mAP=0.522813, loc=0.000000
         x=0.0000 y=0.0000 z=0.0000 l=0.0000 h=0.0000 w=0.0000 y=0.0000
STEP: 63570, epoch_idx: 38, lr: 0.050000, time cost: 612.341970
cls:0.008089, loc:0.051776, reg:0.038590, loss: 0.098456
Class_0: recall=0.990966, prec=0.982543, mAP=0.998424, loc=0.000000
         x=0.0000 y=0.0000 z=0.0000 l=0.0000 h=0.0000 w=0.0000 y=0.0000
Class_1: recall=0.652519, prec=0.718890, mAP=0.713563, loc=15.236011
         x=1.5850 y=1.0978 z=3.6598 l=1.6924 h=1.0153 w=0.6289 y=5.5568
Class_2: recall=0.729921, prec=0.751703, mAP=0.801884, loc=36.949581
         x=1.7799 y=2.1233 z=15.4213 l=3.9373 h=2.4456 w=1.7154 y=9.5269
Class_3: recall=0.356472, prec=0.692383, mAP=0.516489, loc=0.000000
         x=0.0000 y=0.0000 z=0.0000 l=0.0000 h=0.0000 w=0.0000 y=0.0000
STEP: 65200, epoch_idx: 39, lr: 0.050000, time cost: 596.279172
cls:0.007751, loc:0.046370, reg:0.038568, loss: 0.092688
Class_0: recall=0.991025, prec=0.983148, mAP=0.998576, loc=0.000000
         x=0.0000 y=0.0000 z=0.0000 l=0.0000 h=0.0000 w=0.0000 y=0.0000
Class_1: recall=0.678019, prec=0.727031, mAP=0.730710, loc=13.287865
         x=1.5100 y=0.9825 z=3.4330 l=1.7245 h=0.9887 w=0.6658 y=3.9834
Class_2: recall=0.741164, prec=0.760774, mAP=0.813170, loc=32.562401
         x=1.6836 y=1.9154 z=13.8526 l=3.7384 h=2.3065 w=1.6675 y=7.3984
Class_3: recall=0.376073, prec=0.703524, mAP=0.540588, loc=0.000000
         x=0.0000 y=0.0000 z=0.0000 l=0.0000 h=0.0000 w=0.0000 y=0.0000
save checkpoint at step 39 to ./checkpoints/car_auto_T3_fps_train/model
STEP: 66830, epoch_idx: 40, lr: 0.050000, time cost: 597.368137
cls:0.007889, loc:0.048847, reg:0.038544, loss: 0.095280
Class_0: recall=0.991204, prec=0.982704, mAP=0.998543, loc=0.000000
         x=0.0000 y=0.0000 z=0.0000 l=0.0000 h=0.0000 w=0.0000 y=0.0000
Class_1: recall=0.650788, prec=0.727040, mAP=0.723260, loc=14.431277
         x=1.5114 y=1.0095 z=3.6532 l=1.7507 h=0.9908 w=0.6502 y=4.8655
Class_2: recall=0.733249, prec=0.757795, mAP=0.808939, loc=34.083195
         x=1.6750 y=2.0633 z=14.1212 l=3.6786 h=2.3738 w=1.6795 y=8.4919
Class_3: recall=0.372973, prec=0.705339, mAP=0.536699, loc=0.000000
         x=0.0000 y=0.0000 z=0.0000 l=0.0000 h=0.0000 w=0.0000 y=0.0000
STEP: 68460, epoch_idx: 41, lr: 0.050000, time cost: 590.510167
cls:0.007786, loc:0.048887, reg:0.038523, loss: 0.095196
Class_0: recall=0.991213, prec=0.982956, mAP=0.998550, loc=0.000000
         x=0.0000 y=0.0000 z=0.0000 l=0.0000 h=0.0000 w=0.0000 y=0.0000
Class_1: recall=0.656339, prec=0.733146, mAP=0.731172, loc=14.650764
         x=1.6146 y=0.9909 z=3.7698 l=1.6616 h=0.9560 w=0.6543 y=5.0036
Class_2: recall=0.734168, prec=0.760652, mAP=0.809121, loc=33.215797
         x=1.7003 y=2.0166 z=13.8616 l=3.7724 h=2.3942 w=1.6785 y=7.7922
Class_3: recall=0.388102, prec=0.709201, mAP=0.546931, loc=0.000000
         x=0.0000 y=0.0000 z=0.0000 l=0.0000 h=0.0000 w=0.0000 y=0.0000
STEP: 70090, epoch_idx: 42, lr: 0.050000, time cost: 604.837240
cls:0.008034, loc:0.052807, reg:0.038502, loss: 0.099342
Class_0: recall=0.990984, prec=0.982694, mAP=0.998448, loc=0.000000
         x=0.0000 y=0.0000 z=0.0000 l=0.0000 h=0.0000 w=0.0000 y=0.0000
Class_1: recall=0.643321, prec=0.716824, mAP=0.713868, loc=16.584946
         x=1.7570 y=1.1226 z=3.8302 l=1.6094 h=0.9667 w=0.6318 y=6.6674
Class_2: recall=0.726792, prec=0.751171, mAP=0.803326, loc=34.859436
         x=1.7051 y=2.2078 z=14.0789 l=3.8917 h=2.5014 w=1.7044 y=8.7702
Class_3: recall=0.377935, prec=0.701024, mAP=0.529999, loc=0.000000
         x=0.0000 y=0.0000 z=0.0000 l=0.0000 h=0.0000 w=0.0000 y=0.0000
STEP: 71720, epoch_idx: 43, lr: 0.050000, time cost: 585.133618
cls:0.007684, loc:0.047101, reg:0.038479, loss: 0.093264
Class_0: recall=0.990897, prec=0.983517, mAP=0.998493, loc=0.000000
         x=0.0000 y=0.0000 z=0.0000 l=0.0000 h=0.0000 w=0.0000 y=0.0000
Class_1: recall=0.676231, prec=0.725813, mAP=0.733858, loc=13.153434
         x=1.5386 y=0.9803 z=3.3304 l=1.6717 h=0.9220 w=0.6195 y=4.0911
Class_2: recall=0.744030, prec=0.758911, mAP=0.814698, loc=33.229858
         x=1.6785 y=1.9382 z=13.8712 l=3.6879 h=2.2673 w=1.6854 y=8.1014
Class_3: recall=0.401036, prec=0.717917, mAP=0.564815, loc=0.000000
         x=0.0000 y=0.0000 z=0.0000 l=0.0000 h=0.0000 w=0.0000 y=0.0000
STEP: 73350, epoch_idx: 44, lr: 0.050000, time cost: 596.768770
cls:0.007636, loc:0.047089, reg:0.038457, loss: 0.093183
Class_0: recall=0.990996, prec=0.983472, mAP=0.998628, loc=0.000000
         x=0.0000 y=0.0000 z=0.0000 l=0.0000 h=0.0000 w=0.0000 y=0.0000
Class_1: recall=0.667425, prec=0.732515, mAP=0.739363, loc=14.573073
         x=1.5716 y=0.9666 z=3.5457 l=1.6354 h=0.9248 w=0.6508 y=5.2782
Class_2: recall=0.740699, prec=0.757747, mAP=0.813051, loc=32.382778
         x=1.6801 y=1.9456 z=13.4705 l=3.6819 h=2.3401 w=1.6410 y=7.6235
Class_3: recall=0.405401, prec=0.714134, mAP=0.566087, loc=0.000000
         x=0.0000 y=0.0000 z=0.0000 l=0.0000 h=0.0000 w=0.0000 y=0.0000
STEP: 74980, epoch_idx: 45, lr: 0.050000, time cost: 591.343290
cls:0.007657, loc:0.046893, reg:0.038435, loss: 0.092985
Class_0: recall=0.990913, prec=0.983510, mAP=0.998594, loc=0.000000
         x=0.0000 y=0.0000 z=0.0000 l=0.0000 h=0.0000 w=0.0000 y=0.0000
Class_1: recall=0.670472, prec=0.732176, mAP=0.737822, loc=13.105787
         x=1.4986 y=0.9276 z=3.4317 l=1.6616 h=0.9020 w=0.6263 y=4.0580
Class_2: recall=0.742904, prec=0.758444, mAP=0.812704, loc=33.865490
         x=1.6835 y=1.9696 z=13.3482 l=3.7426 h=2.3037 w=1.7036 y=9.1143
Class_3: recall=0.402357, prec=0.708398, mAP=0.561672, loc=0.000000
         x=0.0000 y=0.0000 z=0.0000 l=0.0000 h=0.0000 w=0.0000 y=0.0000
STEP: 76610, epoch_idx: 46, lr: 0.050000, time cost: 602.378309
cls:0.007713, loc:0.048647, reg:0.038414, loss: 0.094774
Class_0: recall=0.990831, prec=0.983334, mAP=0.998616, loc=0.000000
         x=0.0000 y=0.0000 z=0.0000 l=0.0000 h=0.0000 w=0.0000 y=0.0000
Class_1: recall=0.663511, prec=0.726183, mAP=0.729279, loc=15.283371
         x=1.6364 y=1.0173 z=3.9626 l=1.6872 h=0.9156 w=0.6007 y=5.4635
Class_2: recall=0.739730, prec=0.759204, mAP=0.812824, loc=33.013634
         x=1.7168 y=2.2076 z=13.0217 l=3.7142 h=2.3800 w=1.6926 y=8.2807
Class_3: recall=0.406957, prec=0.710454, mAP=0.560783, loc=0.000000
         x=0.0000 y=0.0000 z=0.0000 l=0.0000 h=0.0000 w=0.0000 y=0.0000
STEP: 78240, epoch_idx: 47, lr: 0.050000, time cost: 637.350042
cls:0.007958, loc:0.052158, reg:0.038394, loss: 0.098510
Class_0: recall=0.991083, prec=0.982438, mAP=0.998454, loc=0.000000
         x=0.0000 y=0.0000 z=0.0000 l=0.0000 h=0.0000 w=0.0000 y=0.0000
Class_1: recall=0.637506, prec=0.721526, mAP=0.717960, loc=17.157522
         x=1.9849 y=1.1019 z=4.0802 l=1.6478 h=1.0106 w=0.6224 y=6.7097
Class_2: recall=0.725559, prec=0.761022, mAP=0.809871, loc=34.261124
         x=1.7237 y=2.1294 z=14.0001 l=3.8132 h=2.3982 w=1.7023 y=8.4941
Class_3: recall=0.387447, prec=0.699148, mAP=0.532328, loc=0.000000
         x=0.0000 y=0.0000 z=0.0000 l=0.0000 h=0.0000 w=0.0000 y=0.0000
STEP: 79870, epoch_idx: 48, lr: 0.050000, time cost: 640.725919
cls:0.007630, loc:0.049102, reg:0.038373, loss: 0.095106
Class_0: recall=0.991042, prec=0.983436, mAP=0.998558, loc=0.000000
         x=0.0000 y=0.0000 z=0.0000 l=0.0000 h=0.0000 w=0.0000 y=0.0000
Class_1: recall=0.664080, prec=0.732308, mAP=0.737748, loc=14.812075
         x=1.6118 y=1.0498 z=3.6066 l=1.6966 h=0.9431 w=0.6371 y=5.2670
Class_2: recall=0.743375, prec=0.761708, mAP=0.815638, loc=32.675564
         x=1.6625 y=2.0251 z=13.9073 l=3.6527 h=2.3006 w=1.6501 y=7.4772
Class_3: recall=0.407471, prec=0.718430, mAP=0.564026, loc=0.000000
         x=0.0000 y=0.0000 z=0.0000 l=0.0000 h=0.0000 w=0.0000 y=0.0000
STEP: 81500, epoch_idx: 49, lr: 0.050000, time cost: 611.378685
cls:0.007523, loc:0.046915, reg:0.038351, loss: 0.092789
Class_0: recall=0.990954, prec=0.983735, mAP=0.998640, loc=0.000000
         x=0.0000 y=0.0000 z=0.0000 l=0.0000 h=0.0000 w=0.0000 y=0.0000
Class_1: recall=0.665210, prec=0.733526, mAP=0.744114, loc=12.686716
         x=1.4273 y=0.9040 z=3.3667 l=1.5551 h=0.8833 w=0.6005 y=3.9498
Class_2: recall=0.745168, prec=0.758466, mAP=0.814971, loc=32.539757
         x=1.6181 y=1.9183 z=13.5921 l=3.6237 h=2.2918 w=1.6608 y=7.8351
Class_3: recall=0.414015, prec=0.713798, mAP=0.574148, loc=0.000000
         x=0.0000 y=0.0000 z=0.0000 l=0.0000 h=0.0000 w=0.0000 y=0.0000
STEP: 83130, epoch_idx: 50, lr: 0.050000, time cost: 607.062231
cls:0.007511, loc:0.046545, reg:0.038329, loss: 0.092384
Class_0: recall=0.991056, prec=0.983815, mAP=0.998653, loc=0.000000
         x=0.0000 y=0.0000 z=0.0000 l=0.0000 h=0.0000 w=0.0000 y=0.0000
Class_1: recall=0.674087, prec=0.737586, mAP=0.745115, loc=12.882318
         x=1.4914 y=1.0344 z=2.9959 l=1.5336 h=0.9037 w=0.6124 y=4.3110
Class_2: recall=0.744264, prec=0.762029, mAP=0.815583, loc=33.342720
         x=1.6063 y=1.8276 z=14.0881 l=3.6745 h=2.2660 w=1.6706 y=8.2097
Class_3: recall=0.424301, prec=0.723235, mAP=0.577535, loc=0.000000
         x=0.0000 y=0.0000 z=0.0000 l=0.0000 h=0.0000 w=0.0000 y=0.0000
STEP: 84760, epoch_idx: 51, lr: 0.050000, time cost: 575.770214
cls:0.007449, loc:0.046009, reg:0.038304, loss: 0.091762
Class_0: recall=0.990724, prec=0.984050, mAP=0.998639, loc=0.000000
         x=0.0000 y=0.0000 z=0.0000 l=0.0000 h=0.0000 w=0.0000 y=0.0000
Class_1: recall=0.683402, prec=0.738558, mAP=0.746009, loc=13.518095
         x=1.4968 y=0.9719 z=3.4070 l=1.5646 h=0.8568 w=0.6118 y=4.6091
Class_2: recall=0.751675, prec=0.759893, mAP=0.819875, loc=31.294601
         x=1.5138 y=1.8766 z=13.2557 l=3.6033 h=2.2626 w=1.6973 y=7.0853
Class_3: recall=0.426301, prec=0.717607, mAP=0.581181, loc=0.000000
         x=0.0000 y=0.0000 z=0.0000 l=0.0000 h=0.0000 w=0.0000 y=0.0000
STEP: 86390, epoch_idx: 52, lr: 0.050000, time cost: 601.509532
cls:0.007302, loc:0.042674, reg:0.038280, loss: 0.088256
Class_0: recall=0.990934, prec=0.984371, mAP=0.998720, loc=0.000000
         x=0.0000 y=0.0000 z=0.0000 l=0.0000 h=0.0000 w=0.0000 y=0.0000
Class_1: recall=0.684310, prec=0.734843, mAP=0.749131, loc=11.780615
         x=1.3546 y=0.9138 z=2.9900 l=1.5165 h=0.8558 w=0.5778 y=3.5721
Class_2: recall=0.751133, prec=0.762309, mAP=0.822454, loc=29.910196
         x=1.5503 y=1.7782 z=12.2990 l=3.5864 h=2.2224 w=1.6847 y=6.7891
Class_3: recall=0.439343, prec=0.725342, mAP=0.594605, loc=0.000000
         x=0.0000 y=0.0000 z=0.0000 l=0.0000 h=0.0000 w=0.0000 y=0.0000
STEP: 88020, epoch_idx: 53, lr: 0.050000, time cost: 607.102064
cls:0.007144, loc:0.041305, reg:0.038256, loss: 0.086705
Class_0: recall=0.990868, prec=0.984787, mAP=0.998732, loc=0.000000
         x=0.0000 y=0.0000 z=0.0000 l=0.0000 h=0.0000 w=0.0000 y=0.0000
Class_1: recall=0.687842, prec=0.741745, mAP=0.753675, loc=11.730805
         x=1.4491 y=0.9358 z=3.1099 l=1.4234 h=0.8418 w=0.5770 y=3.3939
Class_2: recall=0.760395, prec=0.766592, mAP=0.828293, loc=29.355768
         x=1.4972 y=1.8135 z=12.0409 l=3.5374 h=2.1549 w=1.6735 y=6.6384
Class_3: recall=0.463857, prec=0.737540, mAP=0.614574, loc=0.000000
         x=0.0000 y=0.0000 z=0.0000 l=0.0000 h=0.0000 w=0.0000 y=0.0000
STEP: 89650, epoch_idx: 54, lr: 0.050000, time cost: 588.772722
cls:0.007182, loc:0.041855, reg:0.038233, loss: 0.087270
Class_0: recall=0.990788, prec=0.984627, mAP=0.998796, loc=0.000000
         x=0.0000 y=0.0000 z=0.0000 l=0.0000 h=0.0000 w=0.0000 y=0.0000
Class_1: recall=0.685783, prec=0.743521, mAP=0.757139, loc=11.515172
         x=1.3885 y=0.8896 z=3.1300 l=1.5472 h=0.8420 w=0.6080 y=3.1100
Class_2: recall=0.753552, prec=0.765720, mAP=0.825170, loc=29.117245
         x=1.5095 y=1.7505 z=12.0424 l=3.4315 h=2.1683 w=1.6501 y=6.5649
Class_3: recall=0.464252, prec=0.720979, mAP=0.607160, loc=0.000000
         x=0.0000 y=0.0000 z=0.0000 l=0.0000 h=0.0000 w=0.0000 y=0.0000
STEP: 91280, epoch_idx: 55, lr: 0.050000, time cost: 595.863756
cls:0.007070, loc:0.041089, reg:0.038209, loss: 0.086368
Class_0: recall=0.990771, prec=0.985002, mAP=0.998774, loc=0.000000
         x=0.0000 y=0.0000 z=0.0000 l=0.0000 h=0.0000 w=0.0000 y=0.0000
Class_1: recall=0.702756, prec=0.753025, mAP=0.767060, loc=11.707538
         x=1.4135 y=0.8964 z=3.0689 l=1.5152 h=0.8456 w=0.6004 y=3.3677
Class_2: recall=0.760301, prec=0.767092, mAP=0.827997, loc=29.086950
         x=1.4908 y=1.7824 z=12.3494 l=3.4014 h=2.1539 w=1.6336 y=6.2755
Class_3: recall=0.477437, prec=0.733537, mAP=0.624025, loc=0.000000
         x=0.0000 y=0.0000 z=0.0000 l=0.0000 h=0.0000 w=0.0000 y=0.0000
STEP: 92910, epoch_idx: 56, lr: 0.050000, time cost: 604.831447
cls:0.007121, loc:0.041970, reg:0.038186, loss: 0.087277
Class_0: recall=0.990774, prec=0.984938, mAP=0.998754, loc=0.000000
         x=0.0000 y=0.0000 z=0.0000 l=0.0000 h=0.0000 w=0.0000 y=0.0000
Class_1: recall=0.693520, prec=0.745586, mAP=0.768010, loc=10.682681
         x=1.2432 y=0.8967 z=2.8784 l=1.3958 h=0.8518 w=0.5810 y=2.8359
Class_2: recall=0.755664, prec=0.764942, mAP=0.825857, loc=30.854000
         x=1.5260 y=1.7683 z=13.3489 l=3.4743 h=2.1463 w=1.6929 y=6.8973
Class_3: recall=0.476795, prec=0.728587, mAP=0.616521, loc=0.000000
         x=0.0000 y=0.0000 z=0.0000 l=0.0000 h=0.0000 w=0.0000 y=0.0000
STEP: 94540, epoch_idx: 57, lr: 0.050000, time cost: 594.321251
cls:0.007212, loc:0.043859, reg:0.038164, loss: 0.089235
Class_0: recall=0.990633, prec=0.984605, mAP=0.998708, loc=0.000000
         x=0.0000 y=0.0000 z=0.0000 l=0.0000 h=0.0000 w=0.0000 y=0.0000
Class_1: recall=0.703240, prec=0.739255, mAP=0.758835, loc=11.678408
         x=1.3732 y=0.9041 z=3.1572 l=1.5732 h=0.8390 w=0.6237 y=3.2079
Class_2: recall=0.751187, prec=0.765062, mAP=0.822440, loc=31.704477
         x=1.6263 y=1.7511 z=13.2566 l=3.4960 h=2.1025 w=1.6354 y=7.8366
Class_3: recall=0.463548, prec=0.724833, mAP=0.610138, loc=0.000000
         x=0.0000 y=0.0000 z=0.0000 l=0.0000 h=0.0000 w=0.0000 y=0.0000
STEP: 96170, epoch_idx: 58, lr: 0.050000, time cost: 630.243233
cls:0.007198, loc:0.043327, reg:0.038143, loss: 0.088668
Class_0: recall=0.990762, prec=0.984711, mAP=0.998750, loc=0.000000
         x=0.0000 y=0.0000 z=0.0000 l=0.0000 h=0.0000 w=0.0000 y=0.0000
Class_1: recall=0.683481, prec=0.732653, mAP=0.755180, loc=13.564211
         x=1.5011 y=0.9360 z=3.2963 l=1.5583 h=0.8743 w=0.5994 y=4.7988
Class_2: recall=0.752473, prec=0.761048, mAP=0.822460, loc=29.979759
         x=1.4976 y=1.7393 z=12.3918 l=3.4678 h=2.1332 w=1.6447 y=7.1054
Class_3: recall=0.463710, prec=0.728276, mAP=0.611691, loc=0.000000
         x=0.0000 y=0.0000 z=0.0000 l=0.0000 h=0.0000 w=0.0000 y=0.0000
STEP: 97800, epoch_idx: 59, lr: 0.050000, time cost: 638.505695
cls:0.007471, loc:0.046959, reg:0.038119, loss: 0.092550
Class_0: recall=0.990879, prec=0.983902, mAP=0.998625, loc=0.000000
         x=0.0000 y=0.0000 z=0.0000 l=0.0000 h=0.0000 w=0.0000 y=0.0000
Class_1: recall=0.661168, prec=0.739049, mAP=0.742795, loc=15.285090
         x=1.5446 y=0.9550 z=3.7842 l=1.5733 h=0.8786 w=0.6273 y=5.9222
Class_2: recall=0.746169, prec=0.762540, mAP=0.820345, loc=31.424801
         x=1.5337 y=1.9073 z=13.1241 l=3.4943 h=2.1911 w=1.6353 y=7.5391
Class_3: recall=0.445195, prec=0.721030, mAP=0.590670, loc=0.000000
         x=0.0000 y=0.0000 z=0.0000 l=0.0000 h=0.0000 w=0.0000 y=0.0000
save checkpoint at step 59 to ./checkpoints/car_auto_T3_fps_train/model
STEP: 99430, epoch_idx: 60, lr: 0.050000, time cost: 634.399415
cls:0.007320, loc:0.046036, reg:0.038100, loss: 0.091457
Class_0: recall=0.990706, prec=0.984333, mAP=0.998742, loc=0.000000
         x=0.0000 y=0.0000 z=0.0000 l=0.0000 h=0.0000 w=0.0000 y=0.0000
Class_1: recall=0.686239, prec=0.736115, mAP=0.749337, loc=14.100557
         x=1.4466 y=0.9984 z=3.3574 l=1.5521 h=0.8793 w=0.6212 y=5.2455
Class_2: recall=0.748525, prec=0.760784, mAP=0.817529, loc=30.905153
         x=1.5215 y=1.8580 z=13.0395 l=3.4558 h=2.1506 w=1.6268 y=7.2529
Class_3: recall=0.448515, prec=0.722345, mAP=0.603571, loc=0.000000
         x=0.0000 y=0.0000 z=0.0000 l=0.0000 h=0.0000 w=0.0000 y=0.0000
STEP: 101060, epoch_idx: 61, lr: 0.050000, time cost: 593.904262
cls:0.007140, loc:0.043970, reg:0.038079, loss: 0.089189
Class_0: recall=0.990637, prec=0.984963, mAP=0.998734, loc=0.000000
         x=0.0000 y=0.0000 z=0.0000 l=0.0000 h=0.0000 w=0.0000 y=0.0000
Class_1: recall=0.692500, prec=0.723610, mAP=0.745629, loc=13.235970
         x=1.3562 y=0.8926 z=3.4122 l=1.4762 h=0.8227 w=0.5731 y=4.7030
Class_2: recall=0.755714, prec=0.767497, mAP=0.827654, loc=30.089348
         x=1.5263 y=1.8585 z=12.7136 l=3.5410 h=2.2139 w=1.6733 y=6.5626
Class_3: recall=0.478058, prec=0.730569, mAP=0.625622, loc=0.000000
         x=0.0000 y=0.0000 z=0.0000 l=0.0000 h=0.0000 w=0.0000 y=0.0000
STEP: 102690, epoch_idx: 62, lr: 0.050000, time cost: 597.247638
cls:0.006978, loc:0.041093, reg:0.038056, loss: 0.086126
Class_0: recall=0.990720, prec=0.985353, mAP=0.998747, loc=0.000000
         x=0.0000 y=0.0000 z=0.0000 l=0.0000 h=0.0000 w=0.0000 y=0.0000
Class_1: recall=0.701600, prec=0.738741, mAP=0.761982, loc=11.242457
         x=1.2047 y=0.8913 z=2.9820 l=1.4022 h=0.8227 w=0.5781 y=3.3615
Class_2: recall=0.758577, prec=0.770374, mAP=0.829145, loc=29.435606
         x=1.4662 y=1.6938 z=12.3378 l=3.4302 h=2.0876 w=1.6554 y=6.7647
Class_3: recall=0.497360, prec=0.731319, mAP=0.637106, loc=0.000000
         x=0.0000 y=0.0000 z=0.0000 l=0.0000 h=0.0000 w=0.0000 y=0.0000
STEP: 104320, epoch_idx: 63, lr: 0.050000, time cost: 607.909415
cls:0.007015, loc:0.041453, reg:0.038033, loss: 0.086501
Class_0: recall=0.990665, prec=0.984946, mAP=0.998811, loc=0.000000
         x=0.0000 y=0.0000 z=0.0000 l=0.0000 h=0.0000 w=0.0000 y=0.0000
Class_1: recall=0.679704, prec=0.751547, mAP=0.763479, loc=11.631566
         x=1.4530 y=0.9455 z=3.1127 l=1.4367 h=0.8314 w=0.5757 y=3.2764
Class_2: recall=0.757818, prec=0.766843, mAP=0.828837, loc=29.472458
         x=1.4722 y=1.8907 z=12.4956 l=3.4575 h=2.0993 w=1.7125 y=6.3448
Class_3: recall=0.493587, prec=0.728407, mAP=0.633988, loc=0.000000
         x=0.0000 y=0.0000 z=0.0000 l=0.0000 h=0.0000 w=0.0000 y=0.0000
STEP: 105950, epoch_idx: 64, lr: 0.050000, time cost: 587.033426
cls:0.007053, loc:0.043058, reg:0.038011, loss: 0.088123
Class_0: recall=0.990681, prec=0.985117, mAP=0.998776, loc=0.000000
         x=0.0000 y=0.0000 z=0.0000 l=0.0000 h=0.0000 w=0.0000 y=0.0000
Class_1: recall=0.688971, prec=0.740450, mAP=0.763255, loc=12.553006
         x=1.4722 y=0.9970 z=3.1316 l=1.5465 h=0.8605 w=0.6051 y=3.9401
Class_2: recall=0.755941, prec=0.763935, mAP=0.826634, loc=29.452160
         x=1.4634 y=1.7108 z=12.0928 l=3.4280 h=2.0309 w=1.6332 y=7.0930
Class_3: recall=0.490485, prec=0.730146, mAP=0.632150, loc=0.000000
         x=0.0000 y=0.0000 z=0.0000 l=0.0000 h=0.0000 w=0.0000 y=0.0000
STEP: 107580, epoch_idx: 65, lr: 0.050000, time cost: 594.047595
cls:0.006887, loc:0.039144, reg:0.037989, loss: 0.084020
Class_0: recall=0.990694, prec=0.985407, mAP=0.998829, loc=0.000000
         x=0.0000 y=0.0000 z=0.0000 l=0.0000 h=0.0000 w=0.0000 y=0.0000
Class_1: recall=0.703973, prec=0.745257, mAP=0.767895, loc=11.272233
         x=1.3471 y=0.8765 z=2.8578 l=1.5445 h=0.8051 w=0.6208 y=3.2205
Class_2: recall=0.762043, prec=0.765797, mAP=0.831290, loc=27.109200
         x=1.3841 y=1.7373 z=11.4062 l=3.2830 h=2.0870 w=1.6068 y=5.6050
Class_3: recall=0.494445, prec=0.739321, mAP=0.643523, loc=0.000000
         x=0.0000 y=0.0000 z=0.0000 l=0.0000 h=0.0000 w=0.0000 y=0.0000
STEP: 109210, epoch_idx: 66, lr: 0.050000, time cost: 604.901950
cls:0.006852, loc:0.039861, reg:0.037965, loss: 0.084678
Class_0: recall=0.990648, prec=0.985694, mAP=0.998838, loc=0.000000
         x=0.0000 y=0.0000 z=0.0000 l=0.0000 h=0.0000 w=0.0000 y=0.0000
Class_1: recall=0.698062, prec=0.749264, mAP=0.768358, loc=11.109092
         x=1.3104 y=0.8822 z=2.8765 l=1.4184 h=0.7529 w=0.5929 y=3.2758
Class_2: recall=0.767629, prec=0.765957, mAP=0.833887, loc=27.791494
         x=1.3951 y=1.7178 z=11.6741 l=3.3299 h=2.0686 w=1.6466 y=5.9594
Class_3: recall=0.506804, prec=0.738375, mAP=0.645866, loc=0.000000
         x=0.0000 y=0.0000 z=0.0000 l=0.0000 h=0.0000 w=0.0000 y=0.0000
STEP: 110840, epoch_idx: 67, lr: 0.050000, time cost: 595.467128
cls:0.006735, loc:0.039567, reg:0.037942, loss: 0.084244
Class_0: recall=0.990648, prec=0.985956, mAP=0.998877, loc=0.000000
         x=0.0000 y=0.0000 z=0.0000 l=0.0000 h=0.0000 w=0.0000 y=0.0000
Class_1: recall=0.703593, prec=0.751010, mAP=0.771970, loc=10.237504
         x=1.1802 y=0.7936 z=2.8323 l=1.3208 h=0.7613 w=0.5686 y=2.7807
Class_2: recall=0.773524, prec=0.767113, mAP=0.836337, loc=28.620956
         x=1.4572 y=1.7072 z=11.8188 l=3.3107 h=2.0868 w=1.6578 y=6.5825
Class_3: recall=0.518955, prec=0.753802, mAP=0.666964, loc=0.000000
         x=0.0000 y=0.0000 z=0.0000 l=0.0000 h=0.0000 w=0.0000 y=0.0000
STEP: 112470, epoch_idx: 68, lr: 0.050000, time cost: 596.028174
cls:0.006921, loc:0.041279, reg:0.037919, loss: 0.086119
Class_0: recall=0.990481, prec=0.985434, mAP=0.998783, loc=0.000000
         x=0.0000 y=0.0000 z=0.0000 l=0.0000 h=0.0000 w=0.0000 y=0.0000
Class_1: recall=0.702543, prec=0.748537, mAP=0.767383, loc=12.488502
         x=1.3745 y=0.8942 z=3.3410 l=1.3873 h=0.8088 w=0.6036 y=4.0791
Class_2: recall=0.763988, prec=0.771128, mAP=0.833567, loc=28.202797
         x=1.4057 y=1.7684 z=11.9269 l=3.3113 h=2.1070 w=1.6331 y=6.0504
Class_3: recall=0.507709, prec=0.726309, mAP=0.641289, loc=0.000000
         x=0.0000 y=0.0000 z=0.0000 l=0.0000 h=0.0000 w=0.0000 y=0.0000
STEP: 114100, epoch_idx: 69, lr: 0.050000, time cost: 603.042797
cls:0.006923, loc:0.040992, reg:0.037897, loss: 0.085813
Class_0: recall=0.990787, prec=0.985530, mAP=0.998840, loc=0.000000
         x=0.0000 y=0.0000 z=0.0000 l=0.0000 h=0.0000 w=0.0000 y=0.0000
Class_1: recall=0.707099, prec=0.736428, mAP=0.765353, loc=11.668057
         x=1.4700 y=0.9110 z=3.2101 l=1.4829 h=0.8299 w=0.6164 y=3.1478
Class_2: recall=0.760483, prec=0.766077, mAP=0.829466, loc=28.849504
         x=1.4011 y=1.6051 z=12.3379 l=3.3275 h=2.0445 w=1.6163 y=6.5171
Class_3: recall=0.496685, prec=0.744965, mAP=0.648109, loc=0.000000
         x=0.0000 y=0.0000 z=0.0000 l=0.0000 h=0.0000 w=0.0000 y=0.0000
STEP: 115730, epoch_idx: 70, lr: 0.050000, time cost: 589.863988
cls:0.006727, loc:0.039583, reg:0.037874, loss: 0.084183
Class_0: recall=0.990561, prec=0.985930, mAP=0.998875, loc=0.000000
         x=0.0000 y=0.0000 z=0.0000 l=0.0000 h=0.0000 w=0.0000 y=0.0000
Class_1: recall=0.726611, prec=0.755224, mAP=0.780163, loc=10.499487
         x=1.2803 y=0.8450 z=2.6758 l=1.4207 h=0.7888 w=0.5901 y=2.8989
Class_2: recall=0.769110, prec=0.772215, mAP=0.836478, loc=26.865383
         x=1.3518 y=1.7674 z=11.3262 l=3.2975 h=2.0643 w=1.6333 y=5.4249
Class_3: recall=0.519296, prec=0.739300, mAP=0.658090, loc=0.000000
         x=0.0000 y=0.0000 z=0.0000 l=0.0000 h=0.0000 w=0.0000 y=0.0000
STEP: 117360, epoch_idx: 71, lr: 0.050000, time cost: 597.711657
cls:0.006685, loc:0.038664, reg:0.037851, loss: 0.083199
Class_0: recall=0.990516, prec=0.986000, mAP=0.998875, loc=0.000000
         x=0.0000 y=0.0000 z=0.0000 l=0.0000 h=0.0000 w=0.0000 y=0.0000
Class_1: recall=0.724410, prec=0.747466, mAP=0.776294, loc=10.274252
         x=1.1690 y=0.8005 z=2.6813 l=1.3213 h=0.7299 w=0.5901 y=2.9822
Class_2: recall=0.768824, prec=0.772833, mAP=0.838156, loc=27.673096
         x=1.3642 y=1.6692 z=11.8555 l=3.3288 h=1.9613 w=1.6274 y=5.8668
Class_3: recall=0.524184, prec=0.740281, mAP=0.660656, loc=0.000000
         x=0.0000 y=0.0000 z=0.0000 l=0.0000 h=0.0000 w=0.0000 y=0.0000
STEP: 118990, epoch_idx: 72, lr: 0.050000, time cost: 607.249424
cls:0.006714, loc:0.038788, reg:0.037828, loss: 0.083330
Class_0: recall=0.990688, prec=0.985950, mAP=0.998857, loc=0.000000
         x=0.0000 y=0.0000 z=0.0000 l=0.0000 h=0.0000 w=0.0000 y=0.0000
Class_1: recall=0.700192, prec=0.753149, mAP=0.780489, loc=11.399512
         x=1.3099 y=0.8609 z=2.9982 l=1.4290 h=0.7895 w=0.6086 y=3.4034
Class_2: recall=0.769286, prec=0.767356, mAP=0.836379, loc=26.595734
         x=1.3201 y=1.6401 z=11.4924 l=3.1302 h=1.9844 w=1.6253 y=5.4033
Class_3: recall=0.523008, prec=0.741520, mAP=0.659947, loc=0.000000
         x=0.0000 y=0.0000 z=0.0000 l=0.0000 h=0.0000 w=0.0000 y=0.0000
STEP: 120620, epoch_idx: 73, lr: 0.050000, time cost: 589.022558
cls:0.006722, loc:0.041020, reg:0.037805, loss: 0.085547
Class_0: recall=0.990520, prec=0.986049, mAP=0.998902, loc=0.000000
         x=0.0000 y=0.0000 z=0.0000 l=0.0000 h=0.0000 w=0.0000 y=0.0000
Class_1: recall=0.715611, prec=0.742203, mAP=0.772416, loc=11.118773
         x=1.3075 y=0.8011 z=2.8492 l=1.3787 h=0.7370 w=0.5665 y=3.4788
Class_2: recall=0.765099, prec=0.767614, mAP=0.834043, loc=28.218964
         x=1.4027 y=1.7081 z=11.8354 l=3.3001 h=2.0254 w=1.6165 y=6.3309
Class_3: recall=0.528461, prec=0.743988, mAP=0.665750, loc=0.000000
         x=0.0000 y=0.0000 z=0.0000 l=0.0000 h=0.0000 w=0.0000 y=0.0000
STEP: 122250, epoch_idx: 74, lr: 0.050000, time cost: 603.242673
cls:0.006623, loc:0.037756, reg:0.037782, loss: 0.082162
Class_0: recall=0.990608, prec=0.986118, mAP=0.998912, loc=0.000000
         x=0.0000 y=0.0000 z=0.0000 l=0.0000 h=0.0000 w=0.0000 y=0.0000
Class_1: recall=0.720973, prec=0.755130, mAP=0.783564, loc=10.904044
         x=1.2417 y=0.8294 z=2.7019 l=1.3448 h=0.7719 w=0.5990 y=3.4155
Class_2: recall=0.774518, prec=0.772588, mAP=0.841980, loc=26.615520
         x=1.3333 y=1.6672 z=11.5666 l=3.2384 h=1.9663 w=1.5825 y=5.2612
Class_3: recall=0.529047, prec=0.749630, mAP=0.671824, loc=0.000000
         x=0.0000 y=0.0000 z=0.0000 l=0.0000 h=0.0000 w=0.0000 y=0.0000
STEP: 123880, epoch_idx: 75, lr: 0.050000, time cost: 601.275066
cls:0.006955, loc:0.045809, reg:0.037760, loss: 0.090524
Class_0: recall=0.990709, prec=0.985395, mAP=0.998852, loc=0.000000
         x=0.0000 y=0.0000 z=0.0000 l=0.0000 h=0.0000 w=0.0000 y=0.0000
Class_1: recall=0.680792, prec=0.750663, mAP=0.759114, loc=12.932957
         x=1.4367 y=0.8937 z=3.2087 l=1.4262 h=0.8051 w=0.5842 y=4.5783
Class_2: recall=0.756976, prec=0.763693, mAP=0.829642, loc=32.145813
         x=1.6451 y=1.7787 z=12.8387 l=3.3903 h=2.0984 w=1.6299 y=8.7648
Class_3: recall=0.517788, prec=0.736299, mAP=0.652399, loc=0.000000
         x=0.0000 y=0.0000 z=0.0000 l=0.0000 h=0.0000 w=0.0000 y=0.0000
